[2025-01-18T03:49:03.176+0000][79][info][gc,init] CardTable entry size: 512
[2025-01-18T03:49:03.177+0000][79][info][gc     ] Using G1
[2025-01-18T03:49:07.582+0000][79][info][gc,init] Version: 21.0.2+13-58 (release)
[2025-01-18T03:49:07.586+0000][79][info][gc,init] CPUs: 24 total, 24 available
[2025-01-18T03:49:07.589+0000][79][info][gc,init] Memory: 6781M
[2025-01-18T03:49:07.590+0000][79][info][gc,init] Large Page Support: Disabled
[2025-01-18T03:49:07.590+0000][79][info][gc,init] NUMA Support: Disabled
[2025-01-18T03:49:07.590+0000][79][info][gc,init] Compressed Oops: Enabled (Zero based)
[2025-01-18T03:49:07.591+0000][79][info][gc,init] Heap Region Size: 4M
[2025-01-18T03:49:07.610+0000][79][info][gc,init] Heap Min Capacity: 3392M
[2025-01-18T03:49:07.610+0000][79][info][gc,init] Heap Initial Capacity: 3392M
[2025-01-18T03:49:07.610+0000][79][info][gc,init] Heap Max Capacity: 3392M
[2025-01-18T03:49:07.611+0000][79][info][gc,init] Pre-touch: Enabled
[2025-01-18T03:49:07.611+0000][79][info][gc,init] Parallel Workers: 18
[2025-01-18T03:49:07.612+0000][79][info][gc,init] Concurrent Workers: 5
[2025-01-18T03:49:07.612+0000][79][info][gc,init] Concurrent Refinement Workers: 18
[2025-01-18T03:49:07.612+0000][79][info][gc,init] Periodic GC: Disabled
[2025-01-18T03:49:07.676+0000][79][info][gc,metaspace] CDS archive(s) mapped at: [0x00007fcd33000000-0x00007fcd33ca6000-0x00007fcd33ca6000), size 13262848, SharedBaseAddress: 0x00007fcd33000000, ArchiveRelocationMode: 1.
[2025-01-18T03:49:07.677+0000][79][info][gc,metaspace] Compressed class space mapped at: 0x00007fcd34000000-0x00007fcd74000000, reserved size: 1073741824
[2025-01-18T03:49:07.677+0000][79][info][gc,metaspace] Narrow klass base: 0x00007fcd33000000, Narrow klass shift: 0, Narrow klass range: 0x100000000
[2025-01-18T03:49:08.175+0000][79][info][safepoint   ] Safepoint "ICBufferFull", Time since last: 456134113 ns, Reaching safepoint: 74538 ns, Cleanup: 162311 ns, At safepoint: 42268 ns, Total: 279117 ns
[2025-01-18T03:49:08.525+0000][79][info][safepoint   ] Safepoint "ICBufferFull", Time since last: 349041121 ns, Reaching safepoint: 102716 ns, Cleanup: 80781 ns, At safepoint: 85031 ns, Total: 268528 ns
[2025-01-18T03:49:08.848+0000][79][info][safepoint   ] Safepoint "ICBufferFull", Time since last: 330717710 ns, Reaching safepoint: 6411 ns, Cleanup: 101622 ns, At safepoint: 73940 ns, Total: 181973 ns
[2025-01-18T03:49:09.708+0000][79][info][safepoint   ] Safepoint "ICBufferFull", Time since last: 859797418 ns, Reaching safepoint: 3682 ns, Cleanup: 114105 ns, At safepoint: 1866 ns, Total: 119653 ns
[2025-01-18T03:49:10.030+0000][79][info][safepoint   ] Safepoint "ICBufferFull", Time since last: 321696723 ns, Reaching safepoint: 4243 ns, Cleanup: 92074 ns, At safepoint: 1998 ns, Total: 98315 ns
[2025-01-18T03:49:10.495+0000][79][info][safepoint   ] Safepoint "ICBufferFull", Time since last: 465675121 ns, Reaching safepoint: 5679 ns, Cleanup: 106662 ns, At safepoint: 10706 ns, Total: 123047 ns
[2025-01-18T03:49:10.566+0000][79][info][gc,start    ] GC(0) Pause Young (Normal) (G1 Evacuation Pause)
[2025-01-18T03:49:10.570+0000][79][info][gc,task     ] GC(0) Using 18 workers of 18 for evacuation
[2025-01-18T03:49:10.570+0000][79][debug][gc,age      ] GC(0) Desired survivor size 12582912 bytes, new threshold 15 (max threshold 15)
[2025-01-18T03:49:10.582+0000][79][info ][gc,phases   ] GC(0)   Pre Evacuate Collection Set: 0.7ms
[2025-01-18T03:49:10.582+0000][79][info ][gc,phases   ] GC(0)   Merge Heap Roots: 0.3ms
[2025-01-18T03:49:10.583+0000][79][info ][gc,phases   ] GC(0)   Evacuate Collection Set: 5.4ms
[2025-01-18T03:49:10.583+0000][79][info ][gc,phases   ] GC(0)   Post Evacuate Collection Set: 4.0ms
[2025-01-18T03:49:10.584+0000][79][info ][gc,phases   ] GC(0)   Other: 1.4ms
[2025-01-18T03:49:10.584+0000][79][trace][gc,age      ] GC(0) Age table with threshold 15 (max threshold 15)
[2025-01-18T03:49:10.585+0000][79][trace][gc,age      ] GC(0) - age   1:   11745024 bytes,   11745024 total
[2025-01-18T03:49:10.585+0000][79][info ][gc,heap     ] GC(0) Eden regions: 42->0(39)
[2025-01-18T03:49:10.586+0000][79][info ][gc,heap     ] GC(0) Survivor regions: 0->3(6)
[2025-01-18T03:49:10.586+0000][79][info ][gc,heap     ] GC(0) Old regions: 1->1
[2025-01-18T03:49:10.586+0000][79][info ][gc,heap     ] GC(0) Humongous regions: 0->0
[2025-01-18T03:49:10.587+0000][79][info ][gc,metaspace] GC(0) Metaspace: 20923K(21504K)->20923K(21504K) NonClass: 18615K(18944K)->18615K(18944K) Class: 2307K(2560K)->2307K(2560K)
[2025-01-18T03:49:10.587+0000][79][info ][gc          ] GC(0) Pause Young (Normal) (G1 Evacuation Pause) 169M->12M(3392M) 21.783ms
[2025-01-18T03:49:10.588+0000][79][info ][gc,cpu      ] GC(0) User=0.13s Sys=0.00s Real=0.02s
[2025-01-18T03:49:10.588+0000][79][info ][safepoint   ] Safepoint "G1CollectForAllocation", Time since last: 69452887 ns, Reaching safepoint: 5518 ns, Cleanup: 34148 ns, At safepoint: 23586687 ns, Total: 23626353 ns
[2025-01-18T03:49:10.610+0000][79][info ][gc,start    ] GC(1) Pause Young (Concurrent Start) (Metadata GC Threshold)
[2025-01-18T03:49:10.611+0000][79][info ][gc,task     ] GC(1) Using 18 workers of 18 for evacuation
[2025-01-18T03:49:10.611+0000][79][debug][gc,age      ] GC(1) Desired survivor size 12582912 bytes, new threshold 15 (max threshold 15)
[2025-01-18T03:49:10.621+0000][79][info ][gc,phases   ] GC(1)   Pre Evacuate Collection Set: 2.1ms
[2025-01-18T03:49:10.621+0000][79][info ][gc,phases   ] GC(1)   Merge Heap Roots: 0.3ms
[2025-01-18T03:49:10.622+0000][79][info ][gc,phases   ] GC(1)   Evacuate Collection Set: 4.8ms
[2025-01-18T03:49:10.622+0000][79][info ][gc,phases   ] GC(1)   Post Evacuate Collection Set: 2.0ms
[2025-01-18T03:49:10.623+0000][79][info ][gc,phases   ] GC(1)   Other: 1.0ms
[2025-01-18T03:49:10.623+0000][79][trace][gc,age      ] GC(1) Age table with threshold 15 (max threshold 15)
[2025-01-18T03:49:10.623+0000][79][trace][gc,age      ] GC(1) - age   1:      22864 bytes,      22864 total
[2025-01-18T03:49:10.624+0000][79][trace][gc,age      ] GC(1) - age   2:    9092320 bytes,    9115184 total
[2025-01-18T03:49:10.624+0000][79][info ][gc,heap     ] GC(1) Eden regions: 2->0(47)
[2025-01-18T03:49:10.624+0000][79][info ][gc,heap     ] GC(1) Survivor regions: 3->3(6)
[2025-01-18T03:49:10.625+0000][79][info ][gc,heap     ] GC(1) Old regions: 1->1
[2025-01-18T03:49:10.625+0000][79][info ][gc,heap     ] GC(1) Humongous regions: 0->0
[2025-01-18T03:49:10.625+0000][79][info ][gc,metaspace] GC(1) Metaspace: 20961K(21504K)->20961K(21504K) NonClass: 18647K(18944K)->18647K(18944K) Class: 2314K(2560K)->2314K(2560K)
[2025-01-18T03:49:10.626+0000][79][info ][gc          ] GC(1) Pause Young (Concurrent Start) (Metadata GC Threshold) 18M->10M(3392M) 15.538ms
[2025-01-18T03:49:10.626+0000][79][info ][gc,cpu      ] GC(1) User=0.07s Sys=0.00s Real=0.02s
[2025-01-18T03:49:10.626+0000][79][info ][gc          ] GC(2) Concurrent Mark Cycle
[2025-01-18T03:49:10.626+0000][79][info ][safepoint   ] Safepoint "CollectForMetadataAllocation", Time since last: 21487963 ns, Reaching safepoint: 6886 ns, Cleanup: 22249 ns, At safepoint: 16274633 ns, Total: 16303768 ns
[2025-01-18T03:49:10.626+0000][79][info ][gc,marking  ] GC(2) Concurrent Scan Root Regions
[2025-01-18T03:49:10.630+0000][79][info ][gc,marking  ] GC(2) Concurrent Scan Root Regions 3.465ms
[2025-01-18T03:49:10.634+0000][79][info ][gc,marking  ] GC(2) Concurrent Mark
[2025-01-18T03:49:10.634+0000][79][info ][gc,marking  ] GC(2) Concurrent Mark From Roots
[2025-01-18T03:49:10.636+0000][79][info ][gc,task     ] GC(2) Using 5 workers of 5 for marking
[2025-01-18T03:49:10.638+0000][79][info ][gc,marking  ] GC(2) Concurrent Mark From Roots 3.982ms
[2025-01-18T03:49:10.639+0000][79][info ][gc,marking  ] GC(2) Concurrent Preclean
[2025-01-18T03:49:10.639+0000][79][info ][gc,marking  ] GC(2) Concurrent Preclean 0.316ms
[2025-01-18T03:49:10.640+0000][79][info ][gc,start    ] GC(2) Pause Remark
[2025-01-18T03:49:10.643+0000][79][info ][gc          ] GC(2) Pause Remark 13M->13M(3392M) 3.425ms
[2025-01-18T03:49:10.644+0000][79][info ][gc,cpu      ] GC(2) User=0.04s Sys=0.00s Real=0.01s
[2025-01-18T03:49:10.644+0000][79][info ][safepoint   ] Safepoint "G1PauseRemark", Time since last: 13362789 ns, Reaching safepoint: 100319 ns, Cleanup: 17542 ns, At safepoint: 4281795 ns, Total: 4399656 ns
[2025-01-18T03:49:10.645+0000][79][info ][gc,marking  ] GC(2) Concurrent Mark 11.119ms
[2025-01-18T03:49:10.645+0000][79][info ][gc,marking  ] GC(2) Concurrent Rebuild Remembered Sets and Scrub Regions
[2025-01-18T03:49:10.646+0000][79][info ][gc,marking  ] GC(2) Concurrent Rebuild Remembered Sets and Scrub Regions 1.211ms
[2025-01-18T03:49:10.647+0000][79][info ][gc,start    ] GC(2) Pause Cleanup
[2025-01-18T03:49:10.647+0000][79][info ][gc          ] GC(2) Pause Cleanup 13M->13M(3392M) 0.575ms
[2025-01-18T03:49:10.648+0000][79][info ][gc,cpu      ] GC(2) User=0.00s Sys=0.00s Real=0.00s
[2025-01-18T03:49:10.648+0000][79][info ][safepoint   ] Safepoint "G1PauseCleanup", Time since last: 2824568 ns, Reaching safepoint: 117088 ns, Cleanup: 9020 ns, At safepoint: 1372490 ns, Total: 1498598 ns
[2025-01-18T03:49:10.649+0000][79][info ][gc,marking  ] GC(2) Concurrent Clear Claimed Marks
[2025-01-18T03:49:10.649+0000][79][info ][gc,marking  ] GC(2) Concurrent Clear Claimed Marks 0.367ms
[2025-01-18T03:49:10.649+0000][79][info ][gc,marking  ] GC(2) Concurrent Cleanup for Next Mark
[2025-01-18T03:49:10.652+0000][79][info ][gc,marking  ] GC(2) Concurrent Cleanup for Next Mark 2.711ms
[2025-01-18T03:49:10.653+0000][79][info ][gc          ] GC(2) Concurrent Mark Cycle 26.991ms
[2025-01-18T03:49:11.230+0000][79][info ][safepoint   ] Safepoint "ICBufferFull", Time since last: 581414251 ns, Reaching safepoint: 3952 ns, Cleanup: 104524 ns, At safepoint: 2161 ns, Total: 110637 ns
[2025-01-18T03:49:11.493+0000][79][info ][gc,start    ] GC(3) Pause Young (Prepare Mixed) (G1 Evacuation Pause)
[2025-01-18T03:49:11.494+0000][79][info ][gc,task     ] GC(3) Using 18 workers of 18 for evacuation
[2025-01-18T03:49:11.495+0000][79][debug][gc,age      ] GC(3) Desired survivor size 14680064 bytes, new threshold 15 (max threshold 15)
[2025-01-18T03:49:11.502+0000][79][info ][gc,phases   ] GC(3)   Pre Evacuate Collection Set: 0.4ms
[2025-01-18T03:49:11.503+0000][79][info ][gc,phases   ] GC(3)   Merge Heap Roots: 0.2ms
[2025-01-18T03:49:11.503+0000][79][info ][gc,phases   ] GC(3)   Evacuate Collection Set: 4.6ms
[2025-01-18T03:49:11.504+0000][79][info ][gc,phases   ] GC(3)   Post Evacuate Collection Set: 1.7ms
[2025-01-18T03:49:11.504+0000][79][info ][gc,phases   ] GC(3)   Other: 1.1ms
[2025-01-18T03:49:11.505+0000][79][trace][gc,age      ] GC(3) Age table with threshold 15 (max threshold 15)
[2025-01-18T03:49:11.505+0000][79][trace][gc,age      ] GC(3) - age   1:    4675368 bytes,    4675368 total
[2025-01-18T03:49:11.506+0000][79][trace][gc,age      ] GC(3) - age   2:      16608 bytes,    4691976 total
[2025-01-18T03:49:11.506+0000][79][trace][gc,age      ] GC(3) - age   3:    9081160 bytes,   13773136 total
[2025-01-18T03:49:11.506+0000][79][info ][gc,heap     ] GC(3) Eden regions: 47->0(84)
[2025-01-18T03:49:11.507+0000][79][info ][gc,heap     ] GC(3) Survivor regions: 3->4(7)
[2025-01-18T03:49:11.507+0000][79][info ][gc,heap     ] GC(3) Old regions: 1->1
[2025-01-18T03:49:11.507+0000][79][info ][gc,heap     ] GC(3) Humongous regions: 0->0
[2025-01-18T03:49:11.507+0000][79][info ][gc,metaspace] GC(3) Metaspace: 28088K(28736K)->28088K(28736K) NonClass: 24994K(25344K)->24994K(25344K) Class: 3094K(3392K)->3094K(3392K)
[2025-01-18T03:49:11.508+0000][79][info ][gc          ] GC(3) Pause Young (Prepare Mixed) (G1 Evacuation Pause) 198M->15M(3392M) 14.342ms
[2025-01-18T03:49:11.508+0000][79][info ][gc,cpu      ] GC(3) User=0.05s Sys=0.00s Real=0.01s
[2025-01-18T03:49:11.509+0000][79][info ][safepoint   ] Safepoint "G1CollectForAllocation", Time since last: 263513128 ns, Reaching safepoint: 83525 ns, Cleanup: 70056 ns, At safepoint: 15261520 ns, Total: 15415101 ns
[2025-01-18T03:49:11.873+0000][79][info ][safepoint   ] Safepoint "ICBufferFull", Time since last: 363686997 ns, Reaching safepoint: 97272 ns, Cleanup: 100781 ns, At safepoint: 20962 ns, Total: 219015 ns
[2025-01-18T03:49:12.360+0000][79][info ][gc,start    ] GC(4) Pause Young (Mixed) (G1 Evacuation Pause)
[2025-01-18T03:49:12.360+0000][79][info ][gc,task     ] GC(4) Using 18 workers of 18 for evacuation
[2025-01-18T03:49:12.360+0000][79][debug][gc,age      ] GC(4) Desired survivor size 23068672 bytes, new threshold 15 (max threshold 15)
[2025-01-18T03:49:12.375+0000][79][info ][gc,phases   ] GC(4)   Pre Evacuate Collection Set: 0.3ms
[2025-01-18T03:49:12.376+0000][79][info ][gc,phases   ] GC(4)   Merge Heap Roots: 0.2ms
[2025-01-18T03:49:12.377+0000][79][info ][gc,phases   ] GC(4)   Evacuate Collection Set: 12.4ms
[2025-01-18T03:49:12.377+0000][79][info ][gc,phases   ] GC(4)   Post Evacuate Collection Set: 1.6ms
[2025-01-18T03:49:12.377+0000][79][info ][gc,phases   ] GC(4)   Other: 0.4ms
[2025-01-18T03:49:12.379+0000][79][trace][gc,age      ] GC(4) Age table with threshold 15 (max threshold 15)
[2025-01-18T03:49:12.379+0000][79][trace][gc,age      ] GC(4) - age   1:    6943272 bytes,    6943272 total
[2025-01-18T03:49:12.380+0000][79][trace][gc,age      ] GC(4) - age   2:    4597576 bytes,   11540848 total
[2025-01-18T03:49:12.381+0000][79][trace][gc,age      ] GC(4) - age   3:      16576 bytes,   11557424 total
[2025-01-18T03:49:12.381+0000][79][trace][gc,age      ] GC(4) - age   4:    9078904 bytes,   20636328 total
[2025-01-18T03:49:12.382+0000][79][info ][gc,heap     ] GC(4) Eden regions: 84->0(100)
[2025-01-18T03:49:12.382+0000][79][info ][gc,heap     ] GC(4) Survivor regions: 4->6(11)
[2025-01-18T03:49:12.382+0000][79][info ][gc,heap     ] GC(4) Old regions: 1->1
[2025-01-18T03:49:12.383+0000][79][info ][gc,heap     ] GC(4) Humongous regions: 0->0
[2025-01-18T03:49:12.383+0000][79][info ][gc,metaspace] GC(4) Metaspace: 29987K(30720K)->29987K(30720K) NonClass: 26577K(27008K)->26577K(27008K) Class: 3409K(3712K)->3409K(3712K)
[2025-01-18T03:49:12.384+0000][79][info ][gc          ] GC(4) Pause Young (Mixed) (G1 Evacuation Pause) 351M->22M(3392M) 23.998ms
[2025-01-18T03:49:12.384+0000][79][info ][gc,cpu      ] GC(4) User=0.16s Sys=0.00s Real=0.03s
[2025-01-18T03:49:12.385+0000][79][info ][safepoint   ] Safepoint "G1CollectForAllocation", Time since last: 487090569 ns, Reaching safepoint: 5502 ns, Cleanup: 79231 ns, At safepoint: 24997737 ns, Total: 25082470 ns
[2025-01-18T03:49:13.104+0000][79][info ][gc,start    ] GC(5) Pause Young (Concurrent Start) (Metadata GC Threshold)
[2025-01-18T03:49:13.105+0000][79][info ][gc,task     ] GC(5) Using 18 workers of 18 for evacuation
[2025-01-18T03:49:13.107+0000][79][debug][gc,age      ] GC(5) Desired survivor size 29360128 bytes, new threshold 15 (max threshold 15)
[2025-01-18T03:49:13.123+0000][79][info ][gc,phases   ] GC(5)   Pre Evacuate Collection Set: 0.7ms
[2025-01-18T03:49:13.125+0000][79][info ][gc,phases   ] GC(5)   Merge Heap Roots: 0.6ms
[2025-01-18T03:49:13.125+0000][79][info ][gc,phases   ] GC(5)   Evacuate Collection Set: 9.6ms
[2025-01-18T03:49:13.126+0000][79][info ][gc,phases   ] GC(5)   Post Evacuate Collection Set: 4.9ms
[2025-01-18T03:49:13.126+0000][79][info ][gc,phases   ] GC(5)   Other: 2.5ms
[2025-01-18T03:49:13.126+0000][79][trace][gc,age      ] GC(5) Age table with threshold 15 (max threshold 15)
[2025-01-18T03:49:13.126+0000][79][trace][gc,age      ] GC(5) - age   1:    3376984 bytes,    3376984 total
[2025-01-18T03:49:13.127+0000][79][trace][gc,age      ] GC(5) - age   2:    6520848 bytes,    9897832 total
[2025-01-18T03:49:13.127+0000][79][trace][gc,age      ] GC(5) - age   3:    4596040 bytes,   14493872 total
[2025-01-18T03:49:13.127+0000][79][trace][gc,age      ] GC(5) - age   4:      16576 bytes,   14510448 total
[2025-01-18T03:49:13.128+0000][79][trace][gc,age      ] GC(5) - age   5:    9077432 bytes,   23587880 total
[2025-01-18T03:49:13.128+0000][79][info ][gc,heap     ] GC(5) Eden regions: 69->0(153)
[2025-01-18T03:49:13.128+0000][79][info ][gc,heap     ] GC(5) Survivor regions: 6->7(14)
[2025-01-18T03:49:13.128+0000][79][info ][gc,heap     ] GC(5) Old regions: 1->1
[2025-01-18T03:49:13.129+0000][79][info ][gc,heap     ] GC(5) Humongous regions: 0->0
[2025-01-18T03:49:13.129+0000][79][info ][gc,metaspace] GC(5) Metaspace: 35184K(35968K)->35184K(35968K) NonClass: 31224K(31680K)->31224K(31680K) Class: 3960K(4288K)->3960K(4288K)
[2025-01-18T03:49:13.130+0000][79][info ][gc          ] GC(5) Pause Young (Concurrent Start) (Metadata GC Threshold) 296M->25M(3392M) 25.877ms
[2025-01-18T03:49:13.130+0000][79][info ][gc          ] GC(6) Concurrent Mark Cycle
[2025-01-18T03:49:13.130+0000][79][info ][gc,marking  ] GC(6) Concurrent Scan Root Regions
[2025-01-18T03:49:13.130+0000][79][info ][gc,cpu      ] GC(5) User=0.07s Sys=0.00s Real=0.02s
[2025-01-18T03:49:13.132+0000][79][info ][safepoint   ] Safepoint "CollectForMetadataAllocation", Time since last: 718703693 ns, Reaching safepoint: 8195 ns, Cleanup: 126147 ns, At safepoint: 28040593 ns, Total: 28174935 ns
[2025-01-18T03:49:13.134+0000][79][info ][gc,marking  ] GC(6) Concurrent Scan Root Regions 3.602ms
[2025-01-18T03:49:13.135+0000][79][info ][gc,marking  ] GC(6) Concurrent Mark
[2025-01-18T03:49:13.135+0000][79][info ][gc,marking  ] GC(6) Concurrent Mark From Roots
[2025-01-18T03:49:13.136+0000][79][info ][gc,task     ] GC(6) Using 5 workers of 5 for marking
[2025-01-18T03:49:13.138+0000][79][info ][gc,marking  ] GC(6) Concurrent Mark From Roots 2.216ms
[2025-01-18T03:49:13.138+0000][79][info ][gc,marking  ] GC(6) Concurrent Preclean
[2025-01-18T03:49:13.138+0000][79][info ][gc,marking  ] GC(6) Concurrent Preclean 0.245ms
[2025-01-18T03:49:13.139+0000][79][info ][gc,start    ] GC(6) Pause Remark
[2025-01-18T03:49:13.144+0000][79][info ][gc          ] GC(6) Pause Remark 28M->28M(3392M) 4.625ms
[2025-01-18T03:49:13.144+0000][79][info ][gc,cpu      ] GC(6) User=0.02s Sys=0.00s Real=0.01s
[2025-01-18T03:49:13.145+0000][79][info ][safepoint   ] Safepoint "G1PauseRemark", Time since last: 6992048 ns, Reaching safepoint: 462410 ns, Cleanup: 4102 ns, At safepoint: 5476817 ns, Total: 5943329 ns
[2025-01-18T03:49:13.145+0000][79][info ][gc,marking  ] GC(6) Concurrent Mark 9.824ms
[2025-01-18T03:49:13.145+0000][79][info ][gc,marking  ] GC(6) Concurrent Rebuild Remembered Sets and Scrub Regions
[2025-01-18T03:49:13.146+0000][79][info ][gc,marking  ] GC(6) Concurrent Rebuild Remembered Sets and Scrub Regions 0.821ms
[2025-01-18T03:49:13.147+0000][79][info ][gc,start    ] GC(6) Pause Cleanup
[2025-01-18T03:49:13.147+0000][79][info ][gc          ] GC(6) Pause Cleanup 28M->28M(3392M) 0.594ms
[2025-01-18T03:49:13.148+0000][79][info ][gc,cpu      ] GC(6) User=0.00s Sys=0.00s Real=0.00s
[2025-01-18T03:49:13.148+0000][79][info ][safepoint   ] Safepoint "G1PauseCleanup", Time since last: 2111346 ns, Reaching safepoint: 103491 ns, Cleanup: 13550 ns, At safepoint: 1566598 ns, Total: 1683639 ns
[2025-01-18T03:49:13.149+0000][79][info ][gc,marking  ] GC(6) Concurrent Clear Claimed Marks
[2025-01-18T03:49:13.149+0000][79][info ][gc,marking  ] GC(6) Concurrent Clear Claimed Marks 0.496ms
[2025-01-18T03:49:13.150+0000][79][info ][gc,marking  ] GC(6) Concurrent Cleanup for Next Mark
[2025-01-18T03:49:13.154+0000][79][info ][gc,marking  ] GC(6) Concurrent Cleanup for Next Mark 3.890ms
[2025-01-18T03:49:13.154+0000][79][info ][gc          ] GC(6) Concurrent Mark Cycle 24.034ms
[2025-01-18T03:49:14.149+0000][79][info ][safepoint   ] Safepoint "Cleanup", Time since last: 1000562885 ns, Reaching safepoint: 4595 ns, Cleanup: 86529 ns, At safepoint: 2439 ns, Total: 93563 ns
[2025-01-18T03:49:14.407+0000][79][info ][gc,start    ] GC(7) Pause Young (Normal) (G1 Evacuation Pause)
[2025-01-18T03:49:14.413+0000][79][info ][gc,task     ] GC(7) Using 18 workers of 18 for evacuation
[2025-01-18T03:49:14.414+0000][79][debug][gc,age      ] GC(7) Desired survivor size 41943040 bytes, new threshold 15 (max threshold 15)
[2025-01-18T03:49:14.423+0000][79][info ][gc,phases   ] GC(7)   Pre Evacuate Collection Set: 0.3ms
[2025-01-18T03:49:14.424+0000][79][info ][gc,phases   ] GC(7)   Merge Heap Roots: 0.2ms
[2025-01-18T03:49:14.425+0000][79][info ][gc,phases   ] GC(7)   Evacuate Collection Set: 6.2ms
[2025-01-18T03:49:14.425+0000][79][info ][gc,phases   ] GC(7)   Post Evacuate Collection Set: 2.1ms
[2025-01-18T03:49:14.425+0000][79][info ][gc,phases   ] GC(7)   Other: 1.2ms
[2025-01-18T03:49:14.426+0000][79][trace][gc,age      ] GC(7) Age table with threshold 15 (max threshold 15)
[2025-01-18T03:49:14.426+0000][79][trace][gc,age      ] GC(7) - age   1:   10542728 bytes,   10542728 total
[2025-01-18T03:49:14.427+0000][79][trace][gc,age      ] GC(7) - age   2:    3340488 bytes,   13883216 total
[2025-01-18T03:49:14.427+0000][79][trace][gc,age      ] GC(7) - age   3:    6515104 bytes,   20398320 total
[2025-01-18T03:49:14.428+0000][79][trace][gc,age      ] GC(7) - age   4:    4591712 bytes,   24990032 total
[2025-01-18T03:49:14.428+0000][79][trace][gc,age      ] GC(7) - age   5:      16576 bytes,   25006608 total
[2025-01-18T03:49:14.429+0000][79][trace][gc,age      ] GC(7) - age   6:    9041992 bytes,   34048600 total
[2025-01-18T03:49:14.430+0000][79][info ][gc,heap     ] GC(7) Eden regions: 153->0(174)
[2025-01-18T03:49:14.430+0000][79][info ][gc,heap     ] GC(7) Survivor regions: 7->9(20)
[2025-01-18T03:49:14.431+0000][79][info ][gc,heap     ] GC(7) Old regions: 1->1
[2025-01-18T03:49:14.431+0000][79][info ][gc,heap     ] GC(7) Humongous regions: 0->0
[2025-01-18T03:49:14.432+0000][79][info ][gc,metaspace] GC(7) Metaspace: 38329K(39296K)->38329K(39296K) NonClass: 33941K(34560K)->33941K(34560K) Class: 4387K(4736K)->4387K(4736K)
[2025-01-18T03:49:14.432+0000][79][info ][gc          ] GC(7) Pause Young (Normal) (G1 Evacuation Pause) 637M->36M(3392M) 25.095ms
[2025-01-18T03:49:14.432+0000][79][info ][gc,cpu      ] GC(7) User=0.11s Sys=0.00s Real=0.02s
[2025-01-18T03:49:14.433+0000][79][info ][safepoint   ] Safepoint "G1CollectForAllocation", Time since last: 257863904 ns, Reaching safepoint: 4831 ns, Cleanup: 19280 ns, At safepoint: 25988851 ns, Total: 26012962 ns
[2025-01-18T03:49:15.162+0000][79][info ][safepoint   ] Safepoint "ICBufferFull", Time since last: 728325322 ns, Reaching safepoint: 88218 ns, Cleanup: 125097 ns, At safepoint: 14174 ns, Total: 227489 ns
[2025-01-18T03:49:15.706+0000][79][info ][safepoint   ] Safepoint "ICBufferFull", Time since last: 543998174 ns, Reaching safepoint: 3368 ns, Cleanup: 112769 ns, At safepoint: 1819 ns, Total: 117956 ns
[2025-01-18T03:49:16.228+0000][79][info ][gc,start    ] GC(8) Pause Young (Concurrent Start) (Metadata GC Threshold)
[2025-01-18T03:49:16.229+0000][79][info ][gc,task     ] GC(8) Using 18 workers of 18 for evacuation
[2025-01-18T03:49:16.230+0000][79][debug][gc,age      ] GC(8) Desired survivor size 48234496 bytes, new threshold 15 (max threshold 15)
[2025-01-18T03:49:16.245+0000][79][info ][gc,phases   ] GC(8)   Pre Evacuate Collection Set: 0.5ms
[2025-01-18T03:49:16.245+0000][79][info ][gc,phases   ] GC(8)   Merge Heap Roots: 0.2ms
[2025-01-18T03:49:16.246+0000][79][info ][gc,phases   ] GC(8)   Evacuate Collection Set: 10.2ms
[2025-01-18T03:49:16.246+0000][79][info ][gc,phases   ] GC(8)   Post Evacuate Collection Set: 3.0ms
[2025-01-18T03:49:16.246+0000][79][info ][gc,phases   ] GC(8)   Other: 1.6ms
[2025-01-18T03:49:16.247+0000][79][trace][gc,age      ] GC(8) Age table with threshold 15 (max threshold 15)
[2025-01-18T03:49:16.247+0000][79][trace][gc,age      ] GC(8) - age   1:    6876272 bytes,    6876272 total
[2025-01-18T03:49:16.247+0000][79][trace][gc,age      ] GC(8) - age   2:    8906312 bytes,   15782584 total
[2025-01-18T03:49:16.248+0000][79][trace][gc,age      ] GC(8) - age   3:    3318720 bytes,   19101304 total
[2025-01-18T03:49:16.248+0000][79][trace][gc,age      ] GC(8) - age   4:    6487736 bytes,   25589040 total
[2025-01-18T03:49:16.248+0000][79][trace][gc,age      ] GC(8) - age   5:    4572240 bytes,   30161280 total
[2025-01-18T03:49:16.249+0000][79][trace][gc,age      ] GC(8) - age   6:      16544 bytes,   30177824 total
[2025-01-18T03:49:16.249+0000][79][trace][gc,age      ] GC(8) - age   7:    8862144 bytes,   39039968 total
[2025-01-18T03:49:16.250+0000][79][info ][gc,heap     ] GC(8) Eden regions: 98->0(244)
[2025-01-18T03:49:16.250+0000][79][info ][gc,heap     ] GC(8) Survivor regions: 9->11(23)
[2025-01-18T03:49:16.250+0000][79][info ][gc,heap     ] GC(8) Old regions: 1->1
[2025-01-18T03:49:16.251+0000][79][info ][gc,heap     ] GC(8) Humongous regions: 0->0
[2025-01-18T03:49:16.251+0000][79][info ][gc,metaspace] GC(8) Metaspace: 59158K(60416K)->59158K(60416K) NonClass: 51911K(52672K)->51911K(52672K) Class: 7246K(7744K)->7246K(7744K)
[2025-01-18T03:49:16.252+0000][79][info ][gc          ] GC(8) Pause Young (Concurrent Start) (Metadata GC Threshold) 426M->41M(3392M) 23.558ms
[2025-01-18T03:49:16.252+0000][79][info ][gc,cpu      ] GC(8) User=0.13s Sys=0.00s Real=0.02s
[2025-01-18T03:49:16.252+0000][79][info ][gc          ] GC(9) Concurrent Mark Cycle
[2025-01-18T03:49:16.252+0000][79][info ][safepoint   ] Safepoint "CollectForMetadataAllocation", Time since last: 522325477 ns, Reaching safepoint: 3580 ns, Cleanup: 44014 ns, At safepoint: 24357902 ns, Total: 24405496 ns
[2025-01-18T03:49:16.253+0000][79][info ][gc,marking  ] GC(9) Concurrent Scan Root Regions
[2025-01-18T03:49:16.257+0000][79][info ][gc,marking  ] GC(9) Concurrent Scan Root Regions 4.117ms
[2025-01-18T03:49:16.257+0000][79][info ][gc,marking  ] GC(9) Concurrent Mark
[2025-01-18T03:49:16.258+0000][79][info ][gc,marking  ] GC(9) Concurrent Mark From Roots
[2025-01-18T03:49:16.258+0000][79][info ][gc,task     ] GC(9) Using 5 workers of 5 for marking
[2025-01-18T03:49:16.260+0000][79][info ][gc,marking  ] GC(9) Concurrent Mark From Roots 2.045ms
[2025-01-18T03:49:16.260+0000][79][info ][gc,marking  ] GC(9) Concurrent Preclean
[2025-01-18T03:49:16.261+0000][79][info ][gc,marking  ] GC(9) Concurrent Preclean 0.504ms
[2025-01-18T03:49:16.261+0000][79][info ][gc,start    ] GC(9) Pause Remark
[2025-01-18T03:49:16.265+0000][79][info ][gc          ] GC(9) Pause Remark 45M->45M(3392M) 4.031ms
[2025-01-18T03:49:16.265+0000][79][info ][gc,cpu      ] GC(9) User=0.02s Sys=0.00s Real=0.01s
[2025-01-18T03:49:16.266+0000][79][info ][safepoint   ] Safepoint "G1PauseRemark", Time since last: 8622371 ns, Reaching safepoint: 3741 ns, Cleanup: 6144 ns, At safepoint: 4786178 ns, Total: 4796063 ns
[2025-01-18T03:49:16.266+0000][79][info ][gc,marking  ] GC(9) Concurrent Mark 8.913ms
[2025-01-18T03:49:16.267+0000][79][info ][gc,marking  ] GC(9) Concurrent Rebuild Remembered Sets and Scrub Regions
[2025-01-18T03:49:16.267+0000][79][info ][gc,marking  ] GC(9) Concurrent Rebuild Remembered Sets and Scrub Regions 0.904ms
[2025-01-18T03:49:16.268+0000][79][info ][gc,start    ] GC(9) Pause Cleanup
[2025-01-18T03:49:16.269+0000][79][info ][gc          ] GC(9) Pause Cleanup 45M->45M(3392M) 0.676ms
[2025-01-18T03:49:16.269+0000][79][info ][gc,cpu      ] GC(9) User=0.00s Sys=0.00s Real=0.00s
[2025-01-18T03:49:16.270+0000][79][info ][safepoint   ] Safepoint "G1PauseCleanup", Time since last: 2119498 ns, Reaching safepoint: 270099 ns, Cleanup: 12171 ns, At safepoint: 1454692 ns, Total: 1736962 ns
[2025-01-18T03:49:16.270+0000][79][info ][gc,marking  ] GC(9) Concurrent Clear Claimed Marks
[2025-01-18T03:49:16.270+0000][79][info ][gc,marking  ] GC(9) Concurrent Clear Claimed Marks 0.351ms
[2025-01-18T03:49:16.271+0000][79][info ][gc,marking  ] GC(9) Concurrent Cleanup for Next Mark
[2025-01-18T03:49:16.273+0000][79][info ][gc,marking  ] GC(9) Concurrent Cleanup for Next Mark 2.022ms
[2025-01-18T03:49:16.273+0000][79][info ][gc          ] GC(9) Concurrent Mark Cycle 21.339ms
[2025-01-18T03:49:17.113+0000][79][info ][safepoint   ] Safepoint "ICBufferFull", Time since last: 842936016 ns, Reaching safepoint: 4675 ns, Cleanup: 134760 ns, At safepoint: 3189 ns, Total: 142624 ns
[2025-01-18T03:49:18.144+0000][79][info ][safepoint   ] Safepoint "Cleanup", Time since last: 1031053133 ns, Reaching safepoint: 2814 ns, Cleanup: 75243 ns, At safepoint: 14175 ns, Total: 92232 ns
[2025-01-18T03:49:19.147+0000][79][info ][safepoint   ] Safepoint "Cleanup", Time since last: 1003418479 ns, Reaching safepoint: 88249 ns, Cleanup: 95120 ns, At safepoint: 19109 ns, Total: 202478 ns
[2025-01-18T03:49:19.963+0000][79][info ][safepoint   ] Safepoint "ICBufferFull", Time since last: 815117059 ns, Reaching safepoint: 4003 ns, Cleanup: 137532 ns, At safepoint: 2401 ns, Total: 143936 ns
[2025-01-18T03:49:21.088+0000][79][info ][gc,start    ] GC(10) Pause Young (Concurrent Start) (Metadata GC Threshold)
[2025-01-18T03:49:21.089+0000][79][info ][gc,task     ] GC(10) Using 18 workers of 18 for evacuation
[2025-01-18T03:49:21.089+0000][79][debug][gc,age      ] GC(10) Desired survivor size 67108864 bytes, new threshold 15 (max threshold 15)
[2025-01-18T03:49:21.109+0000][79][info ][gc,phases   ] GC(10)   Pre Evacuate Collection Set: 0.5ms
[2025-01-18T03:49:21.110+0000][79][info ][gc,phases   ] GC(10)   Merge Heap Roots: 0.2ms
[2025-01-18T03:49:21.110+0000][79][info ][gc,phases   ] GC(10)   Evacuate Collection Set: 15.4ms
[2025-01-18T03:49:21.110+0000][79][info ][gc,phases   ] GC(10)   Post Evacuate Collection Set: 3.6ms
[2025-01-18T03:49:21.111+0000][79][info ][gc,phases   ] GC(10)   Other: 0.9ms
[2025-01-18T03:49:21.111+0000][79][trace][gc,age      ] GC(10) Age table with threshold 15 (max threshold 15)
[2025-01-18T03:49:21.111+0000][79][trace][gc,age      ] GC(10) - age   1:   20771776 bytes,   20771776 total
[2025-01-18T03:49:21.111+0000][79][trace][gc,age      ] GC(10) - age   2:    6360352 bytes,   27132128 total
[2025-01-18T03:49:21.111+0000][79][trace][gc,age      ] GC(10) - age   3:    8842168 bytes,   35974296 total
[2025-01-18T03:49:21.111+0000][79][trace][gc,age      ] GC(10) - age   4:    3294600 bytes,   39268896 total
[2025-01-18T03:49:21.112+0000][79][trace][gc,age      ] GC(10) - age   5:    6470120 bytes,   45739016 total
[2025-01-18T03:49:21.112+0000][79][trace][gc,age      ] GC(10) - age   6:    4547992 bytes,   50287008 total
[2025-01-18T03:49:21.112+0000][79][trace][gc,age      ] GC(10) - age   7:      16416 bytes,   50303424 total
[2025-01-18T03:49:21.113+0000][79][trace][gc,age      ] GC(10) - age   8:    8818800 bytes,   59122224 total
[2025-01-18T03:49:21.113+0000][79][info ][gc,heap     ] GC(10) Eden regions: 205->0(279)
[2025-01-18T03:49:21.114+0000][79][info ][gc,heap     ] GC(10) Survivor regions: 11->16(32)
[2025-01-18T03:49:21.114+0000][79][info ][gc,heap     ] GC(10) Old regions: 1->1
[2025-01-18T03:49:21.114+0000][79][info ][gc,heap     ] GC(10) Humongous regions: 0->0
[2025-01-18T03:49:21.115+0000][79][info ][gc,metaspace] GC(10) Metaspace: 99167K(101056K)->99167K(101056K) NonClass: 86306K(87424K)->86306K(87424K) Class: 12861K(13632K)->12861K(13632K)
[2025-01-18T03:49:21.115+0000][79][info ][gc          ] GC(10) Pause Young (Concurrent Start) (Metadata GC Threshold) 859M->62M(3392M) 26.861ms
[2025-01-18T03:49:21.115+0000][79][info ][gc,cpu      ] GC(10) User=0.21s Sys=0.00s Real=0.03s
[2025-01-18T03:49:21.115+0000][79][info ][gc          ] GC(11) Concurrent Mark Cycle
[2025-01-18T03:49:21.116+0000][79][info ][safepoint   ] Safepoint "CollectForMetadataAllocation", Time since last: 1125368808 ns, Reaching safepoint: 4915 ns, Cleanup: 121424 ns, At safepoint: 27692748 ns, Total: 27819087 ns
[2025-01-18T03:49:21.116+0000][79][info ][gc,marking  ] GC(11) Concurrent Scan Root Regions
[2025-01-18T03:49:21.124+0000][79][info ][gc,marking  ] GC(11) Concurrent Scan Root Regions 7.774ms
[2025-01-18T03:49:21.124+0000][79][info ][gc,marking  ] GC(11) Concurrent Mark
[2025-01-18T03:49:21.125+0000][79][info ][gc,marking  ] GC(11) Concurrent Mark From Roots
[2025-01-18T03:49:21.125+0000][79][info ][gc,task     ] GC(11) Using 5 workers of 5 for marking
[2025-01-18T03:49:21.127+0000][79][info ][gc,marking  ] GC(11) Concurrent Mark From Roots 2.013ms
[2025-01-18T03:49:21.127+0000][79][info ][gc,marking  ] GC(11) Concurrent Preclean
[2025-01-18T03:49:21.128+0000][79][info ][gc,marking  ] GC(11) Concurrent Preclean 0.400ms
[2025-01-18T03:49:21.128+0000][79][info ][gc,start    ] GC(11) Pause Remark
[2025-01-18T03:49:21.134+0000][79][info ][gc          ] GC(11) Pause Remark 66M->66M(3392M) 5.470ms
[2025-01-18T03:49:21.134+0000][79][info ][gc,cpu      ] GC(11) User=0.03s Sys=0.00s Real=0.01s
[2025-01-18T03:49:21.135+0000][79][info ][safepoint   ] Safepoint "G1PauseRemark", Time since last: 12030555 ns, Reaching safepoint: 106271 ns, Cleanup: 9560 ns, At safepoint: 6641268 ns, Total: 6757099 ns
[2025-01-18T03:49:21.135+0000][79][info ][gc,marking  ] GC(11) Concurrent Mark 10.647ms
[2025-01-18T03:49:21.135+0000][79][info ][gc,marking  ] GC(11) Concurrent Rebuild Remembered Sets and Scrub Regions
[2025-01-18T03:49:21.136+0000][79][info ][gc,marking  ] GC(11) Concurrent Rebuild Remembered Sets and Scrub Regions 0.766ms
[2025-01-18T03:49:21.136+0000][79][info ][gc,start    ] GC(11) Pause Cleanup
[2025-01-18T03:49:21.137+0000][79][info ][gc          ] GC(11) Pause Cleanup 66M->66M(3392M) 0.591ms
[2025-01-18T03:49:21.137+0000][79][info ][gc,cpu      ] GC(11) User=0.00s Sys=0.00s Real=0.00s
[2025-01-18T03:49:21.138+0000][79][info ][safepoint   ] Safepoint "G1PauseCleanup", Time since last: 1629238 ns, Reaching safepoint: 9072 ns, Cleanup: 18345 ns, At safepoint: 1274850 ns, Total: 1302267 ns
[2025-01-18T03:49:21.138+0000][79][info ][gc,marking  ] GC(11) Concurrent Clear Claimed Marks
[2025-01-18T03:49:21.138+0000][79][info ][gc,marking  ] GC(11) Concurrent Clear Claimed Marks 0.392ms
[2025-01-18T03:49:21.139+0000][79][info ][gc,marking  ] GC(11) Concurrent Cleanup for Next Mark
[2025-01-18T03:49:21.141+0000][79][info ][gc,marking  ] GC(11) Concurrent Cleanup for Next Mark 2.350ms
[2025-01-18T03:49:21.142+0000][79][info ][gc          ] GC(11) Concurrent Mark Cycle 26.067ms
[2025-01-18T03:49:21.838+0000][79][info ][safepoint   ] Safepoint "ICBufferFull", Time since last: 700576393 ns, Reaching safepoint: 4597 ns, Cleanup: 115610 ns, At safepoint: 2342 ns, Total: 122549 ns
[2025-01-18T03:49:22.535+0000][79][info ][safepoint   ] Safepoint "ICBufferFull", Time since last: 696787278 ns, Reaching safepoint: 4070 ns, Cleanup: 113812 ns, At safepoint: 2138 ns, Total: 120020 ns
[2025-01-18T03:49:22.680+0000][79][info ][safepoint   ] Safepoint "ICBufferFull", Time since last: 144211259 ns, Reaching safepoint: 4691 ns, Cleanup: 84432 ns, At safepoint: 1731 ns, Total: 90854 ns
[2025-01-18T03:49:22.839+0000][79][info ][safepoint   ] Safepoint "ICBufferFull", Time since last: 159014880 ns, Reaching safepoint: 149763 ns, Cleanup: 84365 ns, At safepoint: 30565 ns, Total: 264693 ns
[2025-01-18T03:49:23.061+0000][79][info ][safepoint   ] Safepoint "ICBufferFull", Time since last: 222162933 ns, Reaching safepoint: 4404 ns, Cleanup: 114734 ns, At safepoint: 1842 ns, Total: 120980 ns
[2025-01-18T03:49:23.357+0000][79][info ][safepoint   ] Safepoint "ICBufferFull", Time since last: 295339938 ns, Reaching safepoint: 150411 ns, Cleanup: 103660 ns, At safepoint: 34584 ns, Total: 288655 ns
[2025-01-18T03:49:23.838+0000][79][info ][safepoint   ] Safepoint "ICBufferFull", Time since last: 480672940 ns, Reaching safepoint: 8114 ns, Cleanup: 116344 ns, At safepoint: 14498 ns, Total: 138956 ns
[2025-01-18T03:49:24.350+0000][79][info ][safepoint   ] Safepoint "ICBufferFull", Time since last: 512257319 ns, Reaching safepoint: 96189 ns, Cleanup: 90740 ns, At safepoint: 50265 ns, Total: 237194 ns
[2025-01-18T03:49:24.501+0000][79][info ][safepoint   ] Safepoint "ICBufferFull", Time since last: 150818300 ns, Reaching safepoint: 7446 ns, Cleanup: 90292 ns, At safepoint: 18889 ns, Total: 116627 ns
[2025-01-18T03:49:24.653+0000][79][info ][safepoint   ] Safepoint "ICBufferFull", Time since last: 151805999 ns, Reaching safepoint: 7446 ns, Cleanup: 90756 ns, At safepoint: 49752 ns, Total: 147954 ns
[2025-01-18T03:49:24.808+0000][79][info ][safepoint   ] Safepoint "ICBufferFull", Time since last: 154274494 ns, Reaching safepoint: 221188 ns, Cleanup: 133598 ns, At safepoint: 37076 ns, Total: 391862 ns
[2025-01-18T03:49:25.076+0000][79][info ][safepoint   ] Safepoint "ICBufferFull", Time since last: 267887315 ns, Reaching safepoint: 164565 ns, Cleanup: 97198 ns, At safepoint: 87500 ns, Total: 349263 ns
[2025-01-18T03:49:25.256+0000][79][info ][safepoint   ] Safepoint "ICBufferFull", Time since last: 180016431 ns, Reaching safepoint: 13716 ns, Cleanup: 98427 ns, At safepoint: 18410 ns, Total: 130553 ns
[2025-01-18T03:49:25.665+0000][79][info ][safepoint   ] Safepoint "ICBufferFull", Time since last: 396997543 ns, Reaching safepoint: 11361712 ns, Cleanup: 136239 ns, At safepoint: 98814 ns, Total: 11596765 ns
[2025-01-18T03:49:25.666+0000][79][info ][safepoint   ] Safepoint "ICBufferFull", Time since last: 851474 ns, Reaching safepoint: 404264 ns, Cleanup: 7228 ns, At safepoint: 72445 ns, Total: 483937 ns
[2025-01-18T03:49:25.676+0000][79][info ][safepoint   ] Safepoint "ICBufferFull", Time since last: 474378 ns, Reaching safepoint: 9326012 ns, Cleanup: 17194 ns, At safepoint: 81657 ns, Total: 9424863 ns
[2025-01-18T03:49:25.837+0000][79][info ][safepoint   ] Safepoint "ICBufferFull", Time since last: 161510112 ns, Reaching safepoint: 11228 ns, Cleanup: 89805 ns, At safepoint: 25533 ns, Total: 126566 ns
[2025-01-18T03:49:26.103+0000][79][info ][safepoint   ] Safepoint "ICBufferFull", Time since last: 265267349 ns, Reaching safepoint: 100042 ns, Cleanup: 98921 ns, At safepoint: 91552 ns, Total: 290515 ns
[2025-01-18T03:49:26.197+0000][79][info ][safepoint   ] Safepoint "ICBufferFull", Time since last: 93750677 ns, Reaching safepoint: 205375 ns, Cleanup: 118035 ns, At safepoint: 82902 ns, Total: 406312 ns
[2025-01-18T03:49:27.086+0000][79][info ][safepoint   ] Safepoint "ICBufferFull", Time since last: 888598092 ns, Reaching safepoint: 13189 ns, Cleanup: 105278 ns, At safepoint: 4025 ns, Total: 122492 ns
[2025-01-18T03:49:28.091+0000][79][info ][safepoint   ] Safepoint "Cleanup", Time since last: 1004681660 ns, Reaching safepoint: 21091 ns, Cleanup: 23381 ns, At safepoint: 4633 ns, Total: 49105 ns
[2025-01-18T03:49:29.092+0000][79][info ][safepoint   ] Safepoint "Cleanup", Time since last: 1000904333 ns, Reaching safepoint: 77481 ns, Cleanup: 30392 ns, At safepoint: 6042 ns, Total: 113915 ns
[2025-01-18T03:49:30.092+0000][79][info ][safepoint   ] Safepoint "Cleanup", Time since last: 1000772354 ns, Reaching safepoint: 18700 ns, Cleanup: 12243 ns, At safepoint: 4047 ns, Total: 34990 ns
[2025-01-18T03:49:31.093+0000][79][info ][safepoint   ] Safepoint "Cleanup", Time since last: 1000779365 ns, Reaching safepoint: 24919 ns, Cleanup: 23105 ns, At safepoint: 4841 ns, Total: 52865 ns
[2025-01-18T03:49:31.748+0000][79][info ][safepoint   ] Safepoint "ICBufferFull", Time since last: 654994811 ns, Reaching safepoint: 16379 ns, Cleanup: 92594 ns, At safepoint: 90968 ns, Total: 199941 ns
[2025-01-18T03:49:31.749+0000][79][info ][safepoint   ] Safepoint "ICBufferFull", Time since last: 597897 ns, Reaching safepoint: 67392 ns, Cleanup: 4250 ns, At safepoint: 96533 ns, Total: 168175 ns
[2025-01-18T03:49:32.623+0000][79][info ][safepoint   ] Safepoint "ICBufferFull", Time since last: 873755129 ns, Reaching safepoint: 233585 ns, Cleanup: 105658 ns, At safepoint: 67513 ns, Total: 406756 ns
[2025-01-18T03:49:32.717+0000][79][info ][safepoint   ] Safepoint "ICBufferFull", Time since last: 93060902 ns, Reaching safepoint: 22425 ns, Cleanup: 115493 ns, At safepoint: 47177 ns, Total: 185095 ns
[2025-01-18T03:49:34.584+0000][79][info ][safepoint   ] Safepoint "Cleanup", Time since last: 1866943072 ns, Reaching safepoint: 24248 ns, Cleanup: 77732 ns, At safepoint: 5180 ns, Total: 107160 ns
[2025-01-18T03:49:35.036+0000][79][info ][safepoint   ] Safepoint "ICBufferFull", Time since last: 451795168 ns, Reaching safepoint: 154509 ns, Cleanup: 102434 ns, At safepoint: 92161 ns, Total: 349104 ns
[2025-01-18T03:49:35.206+0000][79][info ][safepoint   ] Safepoint "ICBufferFull", Time since last: 169940941 ns, Reaching safepoint: 13666 ns, Cleanup: 94085 ns, At safepoint: 77912 ns, Total: 185663 ns
[2025-01-18T03:49:35.207+0000][79][info ][safepoint   ] Safepoint "ICBufferFull", Time since last: 750056 ns, Reaching safepoint: 12528 ns, Cleanup: 6497 ns, At safepoint: 32335 ns, Total: 51360 ns
[2025-01-18T03:49:35.272+0000][79][info ][safepoint   ] Safepoint "ICBufferFull", Time since last: 65421904 ns, Reaching safepoint: 20300 ns, Cleanup: 134828 ns, At safepoint: 69598 ns, Total: 224726 ns
[2025-01-18T03:49:35.397+0000][79][info ][safepoint   ] Safepoint "ICBufferFull", Time since last: 124200160 ns, Reaching safepoint: 155299 ns, Cleanup: 108038 ns, At safepoint: 48225 ns, Total: 311562 ns
[2025-01-18T03:49:35.737+0000][79][info ][safepoint   ] Safepoint "ICBufferFull", Time since last: 340002202 ns, Reaching safepoint: 34363 ns, Cleanup: 111985 ns, At safepoint: 19493 ns, Total: 165841 ns
[2025-01-18T03:49:35.754+0000][79][info ][gc,start    ] GC(12) Pause Young (Normal) (G1 Evacuation Pause)
[2025-01-18T03:49:35.754+0000][79][info ][gc,task     ] GC(12) Using 18 workers of 18 for evacuation
[2025-01-18T03:49:35.754+0000][79][debug][gc,age      ] GC(12) Desired survivor size 77594624 bytes, new threshold 15 (max threshold 15)
[2025-01-18T03:49:35.806+0000][79][info ][gc,phases   ] GC(12)   Pre Evacuate Collection Set: 0.4ms
[2025-01-18T03:49:35.806+0000][79][info ][gc,phases   ] GC(12)   Merge Heap Roots: 0.5ms
[2025-01-18T03:49:35.806+0000][79][info ][gc,phases   ] GC(12)   Evacuate Collection Set: 44.6ms
[2025-01-18T03:49:35.807+0000][79][info ][gc,phases   ] GC(12)   Post Evacuate Collection Set: 5.1ms
[2025-01-18T03:49:35.807+0000][79][info ][gc,phases   ] GC(12)   Other: 0.9ms
[2025-01-18T03:49:35.808+0000][79][trace][gc,age      ] GC(12) Age table with threshold 15 (max threshold 15)
[2025-01-18T03:49:35.808+0000][79][trace][gc,age      ] GC(12) - age   1:   61488272 bytes,   61488272 total
[2025-01-18T03:49:35.808+0000][79][trace][gc,age      ] GC(12) - age   2:   20090752 bytes,   81579024 total
[2025-01-18T03:49:35.809+0000][79][trace][gc,age      ] GC(12) - age   3:    6208008 bytes,   87787032 total
[2025-01-18T03:49:35.809+0000][79][trace][gc,age      ] GC(12) - age   4:    8838032 bytes,   96625064 total
[2025-01-18T03:49:35.810+0000][79][trace][gc,age      ] GC(12) - age   5:    3291544 bytes,   99916608 total
[2025-01-18T03:49:35.810+0000][79][trace][gc,age      ] GC(12) - age   6:    6467336 bytes,  106383944 total
[2025-01-18T03:49:35.810+0000][79][trace][gc,age      ] GC(12) - age   7:    4523544 bytes,  110907488 total
[2025-01-18T03:49:35.811+0000][79][trace][gc,age      ] GC(12) - age   8:      16416 bytes,  110923904 total
[2025-01-18T03:49:35.811+0000][79][trace][gc,age      ] GC(12) - age   9:    8759848 bytes,  119683752 total
[2025-01-18T03:49:35.811+0000][79][info ][gc,heap     ] GC(12) Eden regions: 279->0(211)
[2025-01-18T03:49:35.812+0000][79][info ][gc,heap     ] GC(12) Survivor regions: 16->33(37)
[2025-01-18T03:49:35.812+0000][79][info ][gc,heap     ] GC(12) Old regions: 1->1
[2025-01-18T03:49:35.813+0000][79][info ][gc,heap     ] GC(12) Humongous regions: 4->4
[2025-01-18T03:49:35.813+0000][79][info ][gc,metaspace] GC(12) Metaspace: 143409K(147264K)->143409K(147264K) NonClass: 123745K(125824K)->123745K(125824K) Class: 19663K(21440K)->19663K(21440K)
[2025-01-18T03:49:35.813+0000][79][info ][gc          ] GC(12) Pause Young (Normal) (G1 Evacuation Pause) 1194M->146M(3392M) 59.782ms
[2025-01-18T03:49:35.814+0000][79][info ][gc,cpu      ] GC(12) User=0.59s Sys=0.00s Real=0.06s
[2025-01-18T03:49:35.815+0000][79][info ][safepoint   ] Safepoint "G1CollectForAllocation", Time since last: 16093994 ns, Reaching safepoint: 402439 ns, Cleanup: 15584 ns, At safepoint: 60963843 ns, Total: 61381866 ns
[2025-01-18T03:49:37.351+0000][79][info ][safepoint   ] Safepoint "Cleanup", Time since last: 1536349234 ns, Reaching safepoint: 17713 ns, Cleanup: 146761 ns, At safepoint: 78996 ns, Total: 243470 ns
[2025-01-18T03:49:38.246+0000][79][info ][safepoint   ] Safepoint "ICBufferFull", Time since last: 894970711 ns, Reaching safepoint: 20766 ns, Cleanup: 121529 ns, At safepoint: 20809 ns, Total: 163104 ns
[2025-01-18T03:49:38.548+0000][79][info ][safepoint   ] Safepoint "ICBufferFull", Time since last: 301068530 ns, Reaching safepoint: 20216 ns, Cleanup: 112480 ns, At safepoint: 29801 ns, Total: 162497 ns
[2025-01-18T03:49:39.644+0000][79][info ][safepoint   ] Safepoint "Cleanup", Time since last: 1091567528 ns, Reaching safepoint: 11935 ns, Cleanup: 112033 ns, At safepoint: 25891 ns, Total: 149859 ns
[2025-01-18T03:49:40.658+0000][79][info ][safepoint   ] Safepoint "Cleanup", Time since last: 1013519176 ns, Reaching safepoint: 26772 ns, Cleanup: 44689 ns, At safepoint: 5935 ns, Total: 77396 ns
[2025-01-18T03:49:42.054+0000][79][info ][safepoint   ] Safepoint "Cleanup", Time since last: 1395492234 ns, Reaching safepoint: 36062 ns, Cleanup: 177327 ns, At safepoint: 13541 ns, Total: 226930 ns
[2025-01-18T03:49:43.476+0000][79][info ][safepoint   ] Safepoint "Cleanup", Time since last: 1422028790 ns, Reaching safepoint: 16392 ns, Cleanup: 113197 ns, At safepoint: 33588 ns, Total: 163177 ns
[2025-01-18T03:49:44.663+0000][79][info ][safepoint   ] Safepoint "Cleanup", Time since last: 1187576199 ns, Reaching safepoint: 14893 ns, Cleanup: 107122 ns, At safepoint: 33377 ns, Total: 155392 ns
[2025-01-18T03:49:45.675+0000][79][info ][safepoint   ] Safepoint "Cleanup", Time since last: 1011493153 ns, Reaching safepoint: 97732 ns, Cleanup: 48937 ns, At safepoint: 19219 ns, Total: 165888 ns
[2025-01-18T03:49:46.676+0000][79][info ][safepoint   ] Safepoint "Cleanup", Time since last: 1001321001 ns, Reaching safepoint: 27704 ns, Cleanup: 13332 ns, At safepoint: 5670 ns, Total: 46706 ns
[2025-01-18T03:49:47.677+0000][79][info ][safepoint   ] Safepoint "Cleanup", Time since last: 1000645886 ns, Reaching safepoint: 258343 ns, Cleanup: 72686 ns, At safepoint: 11974 ns, Total: 343003 ns
[2025-01-18T03:49:50.251+0000][79][info ][safepoint   ] Safepoint "Cleanup", Time since last: 2573763387 ns, Reaching safepoint: 11405 ns, Cleanup: 40716 ns, At safepoint: 19606 ns, Total: 71727 ns
[2025-01-18T03:49:51.735+0000][79][info ][safepoint   ] Safepoint "Cleanup", Time since last: 1483324181 ns, Reaching safepoint: 9719 ns, Cleanup: 64003 ns, At safepoint: 18664 ns, Total: 92386 ns
[2025-01-18T03:49:52.742+0000][79][info ][safepoint   ] Safepoint "Cleanup", Time since last: 1007308762 ns, Reaching safepoint: 36234 ns, Cleanup: 25669 ns, At safepoint: 9260 ns, Total: 71163 ns
[2025-01-18T03:49:53.744+0000][79][info ][safepoint   ] Safepoint "Cleanup", Time since last: 1001334168 ns, Reaching safepoint: 28180 ns, Cleanup: 62646 ns, At safepoint: 6884 ns, Total: 97710 ns
[2025-01-18T03:49:54.752+0000][79][info ][safepoint   ] Safepoint "Cleanup", Time since last: 1008830113 ns, Reaching safepoint: 31434 ns, Cleanup: 16850 ns, At safepoint: 8419 ns, Total: 56703 ns
[2025-01-18T03:49:55.754+0000][79][info ][safepoint   ] Safepoint "Cleanup", Time since last: 1001243939 ns, Reaching safepoint: 37376 ns, Cleanup: 14530 ns, At safepoint: 9068 ns, Total: 60974 ns
[2025-01-18T03:49:56.754+0000][79][info ][safepoint   ] Safepoint "Cleanup", Time since last: 1000153546 ns, Reaching safepoint: 13759 ns, Cleanup: 51414 ns, At safepoint: 42826 ns, Total: 107999 ns
[2025-01-18T03:49:57.757+0000][79][info ][safepoint   ] Safepoint "Cleanup", Time since last: 1002863640 ns, Reaching safepoint: 48494 ns, Cleanup: 67227 ns, At safepoint: 14353 ns, Total: 130074 ns
[2025-01-18T03:49:59.759+0000][79][info ][safepoint   ] Safepoint "Cleanup", Time since last: 2001812325 ns, Reaching safepoint: 41667 ns, Cleanup: 57338 ns, At safepoint: 11105 ns, Total: 110110 ns
[2025-01-18T03:50:01.760+0000][79][info ][safepoint   ] Safepoint "Cleanup", Time since last: 2001133423 ns, Reaching safepoint: 107944 ns, Cleanup: 20419 ns, At safepoint: 9665 ns, Total: 138028 ns
[2025-01-18T03:50:02.768+0000][79][info ][safepoint   ] Safepoint "Cleanup", Time since last: 1007956770 ns, Reaching safepoint: 187149 ns, Cleanup: 64338 ns, At safepoint: 94207 ns, Total: 345694 ns
[2025-01-18T03:50:04.273+0000][79][info ][safepoint   ] Safepoint "Cleanup", Time since last: 1504828823 ns, Reaching safepoint: 99034 ns, Cleanup: 78409 ns, At safepoint: 12354 ns, Total: 189797 ns
[2025-01-18T03:50:05.275+0000][79][info ][safepoint   ] Safepoint "Cleanup", Time since last: 1001143905 ns, Reaching safepoint: 26502 ns, Cleanup: 27992 ns, At safepoint: 5346 ns, Total: 59840 ns
[2025-01-18T03:50:06.276+0000][79][info ][safepoint   ] Safepoint "Cleanup", Time since last: 1000802948 ns, Reaching safepoint: 38244 ns, Cleanup: 17236 ns, At safepoint: 10752 ns, Total: 66232 ns
[2025-01-18T03:50:07.277+0000][79][info ][safepoint   ] Safepoint "Cleanup", Time since last: 1001153039 ns, Reaching safepoint: 47692 ns, Cleanup: 20472 ns, At safepoint: 10390 ns, Total: 78554 ns
[2025-01-18T03:50:08.796+0000][79][info ][safepoint   ] Safepoint "Cleanup", Time since last: 1518869106 ns, Reaching safepoint: 11226 ns, Cleanup: 22141 ns, At safepoint: 19909 ns, Total: 53276 ns
[2025-01-18T03:50:09.799+0000][79][info ][safepoint   ] Safepoint "Cleanup", Time since last: 1005338654 ns, Reaching safepoint: 70089 ns, Cleanup: 19930 ns, At safepoint: 13607 ns, Total: 103626 ns
[2025-01-18T03:50:10.800+0000][79][info ][safepoint   ] Safepoint "Cleanup", Time since last: 1000755029 ns, Reaching safepoint: 41483 ns, Cleanup: 18238 ns, At safepoint: 5597 ns, Total: 65318 ns
[2025-01-18T03:50:11.782+0000][79][info ][gc,start    ] GC(13) Pause Young (Concurrent Start) (CodeCache GC Threshold)
[2025-01-18T03:50:11.783+0000][79][info ][gc,task     ] GC(13) Using 18 workers of 18 for evacuation
[2025-01-18T03:50:11.784+0000][79][debug][gc,age      ] GC(13) Desired survivor size 65011712 bytes, new threshold 2 (max threshold 15)
[2025-01-18T03:50:11.854+0000][79][info ][gc,phases   ] GC(13)   Pre Evacuate Collection Set: 1.6ms
[2025-01-18T03:50:11.854+0000][79][info ][gc,phases   ] GC(13)   Merge Heap Roots: 0.5ms
[2025-01-18T03:50:11.855+0000][79][info ][gc,phases   ] GC(13)   Evacuate Collection Set: 62.1ms
[2025-01-18T03:50:11.856+0000][79][info ][gc,phases   ] GC(13)   Post Evacuate Collection Set: 4.1ms
[2025-01-18T03:50:11.856+0000][79][info ][gc,phases   ] GC(13)   Other: 2.3ms
[2025-01-18T03:50:11.856+0000][79][trace][gc,age      ] GC(13) Age table with threshold 2 (max threshold 15)
[2025-01-18T03:50:11.857+0000][79][trace][gc,age      ] GC(13) - age   1:    2457632 bytes,    2457632 total
[2025-01-18T03:50:11.857+0000][79][trace][gc,age      ] GC(13) - age   2:   58582176 bytes,   61039808 total
[2025-01-18T03:50:11.858+0000][79][info ][gc,heap     ] GC(13) Eden regions: 59->0(290)
[2025-01-18T03:50:11.858+0000][79][info ][gc,heap     ] GC(13) Survivor regions: 33->19(31)
[2025-01-18T03:50:11.859+0000][79][info ][gc,heap     ] GC(13) Old regions: 1->15
[2025-01-18T03:50:11.859+0000][79][info ][gc,heap     ] GC(13) Humongous regions: 4->4
[2025-01-18T03:50:11.860+0000][79][info ][gc,metaspace] GC(13) Metaspace: 145878K(149760K)->145878K(149760K) NonClass: 126005K(128128K)->126005K(128128K) Class: 19873K(21632K)->19873K(21632K)
[2025-01-18T03:50:11.860+0000][79][info ][gc          ] GC(13) Pause Young (Concurrent Start) (CodeCache GC Threshold) 382M->147M(3392M) 78.218ms
[2025-01-18T03:50:11.861+0000][79][info ][gc          ] GC(14) Concurrent Mark Cycle
[2025-01-18T03:50:11.861+0000][79][info ][gc,marking  ] GC(14) Concurrent Scan Root Regions
[2025-01-18T03:50:11.861+0000][79][info ][gc,cpu      ] GC(13) User=0.68s Sys=0.00s Real=0.08s
[2025-01-18T03:50:11.862+0000][79][info ][safepoint   ] Safepoint "G1TryInitiateConcMark", Time since last: 981760219 ns, Reaching safepoint: 41682 ns, Cleanup: 30524 ns, At safepoint: 80504490 ns, Total: 80576696 ns
[2025-01-18T03:50:11.874+0000][79][info ][gc,marking  ] GC(14) Concurrent Scan Root Regions 12.600ms
[2025-01-18T03:50:11.875+0000][79][info ][gc,marking  ] GC(14) Concurrent Mark
[2025-01-18T03:50:11.875+0000][79][info ][gc,marking  ] GC(14) Concurrent Mark From Roots
[2025-01-18T03:50:11.876+0000][79][info ][gc,task     ] GC(14) Using 5 workers of 5 for marking
[2025-01-18T03:50:11.878+0000][79][info ][gc,marking  ] GC(14) Concurrent Mark From Roots 2.804ms
[2025-01-18T03:50:11.879+0000][79][info ][gc,marking  ] GC(14) Concurrent Preclean
[2025-01-18T03:50:11.880+0000][79][info ][gc,marking  ] GC(14) Concurrent Preclean 0.635ms
[2025-01-18T03:50:11.880+0000][79][info ][gc,start    ] GC(14) Pause Remark
[2025-01-18T03:50:11.891+0000][79][info ][gc          ] GC(14) Pause Remark 150M->150M(3392M) 10.783ms
[2025-01-18T03:50:11.892+0000][79][info ][gc,cpu      ] GC(14) User=0.06s Sys=0.00s Real=0.01s
[2025-01-18T03:50:11.893+0000][79][info ][safepoint   ] Safepoint "G1PauseRemark", Time since last: 17967462 ns, Reaching safepoint: 25224 ns, Cleanup: 3284 ns, At safepoint: 12191495 ns, Total: 12220003 ns
[2025-01-18T03:50:11.893+0000][79][info ][gc,marking  ] GC(14) Concurrent Mark 18.558ms
[2025-01-18T03:50:11.894+0000][79][info ][gc,marking  ] GC(14) Concurrent Rebuild Remembered Sets and Scrub Regions
[2025-01-18T03:50:11.901+0000][79][info ][gc,marking  ] GC(14) Concurrent Rebuild Remembered Sets and Scrub Regions 7.260ms
[2025-01-18T03:50:11.902+0000][79][info ][gc,start    ] GC(14) Pause Cleanup
[2025-01-18T03:50:11.902+0000][79][info ][gc          ] GC(14) Pause Cleanup 150M->150M(3392M) 0.903ms
[2025-01-18T03:50:11.903+0000][79][info ][gc,cpu      ] GC(14) User=0.01s Sys=0.00s Real=0.00s
[2025-01-18T03:50:11.903+0000][79][info ][safepoint   ] Safepoint "G1PauseCleanup", Time since last: 8933958 ns, Reaching safepoint: 17360 ns, Cleanup: 15726 ns, At safepoint: 1917471 ns, Total: 1950557 ns
[2025-01-18T03:50:11.904+0000][79][info ][gc,marking  ] GC(14) Concurrent Clear Claimed Marks
[2025-01-18T03:50:11.905+0000][79][info ][gc,marking  ] GC(14) Concurrent Clear Claimed Marks 1.051ms
[2025-01-18T03:50:11.906+0000][79][info ][gc,marking  ] GC(14) Concurrent Cleanup for Next Mark
[2025-01-18T03:50:11.908+0000][79][info ][gc,marking  ] GC(14) Concurrent Cleanup for Next Mark 2.428ms
[2025-01-18T03:50:11.909+0000][79][info ][gc          ] GC(14) Concurrent Mark Cycle 48.321ms
[2025-01-18T03:50:14.243+0000][79][info ][safepoint   ] Safepoint "Cleanup", Time since last: 2339580453 ns, Reaching safepoint: 11122 ns, Cleanup: 37643 ns, At safepoint: 5049 ns, Total: 53814 ns
[2025-01-18T03:50:15.873+0000][79][info ][safepoint   ] Safepoint "Cleanup", Time since last: 1629427904 ns, Reaching safepoint: 33670 ns, Cleanup: 60109 ns, At safepoint: 9179 ns, Total: 102958 ns
[2025-01-18T03:50:16.874+0000][79][info ][safepoint   ] Safepoint "Cleanup", Time since last: 1000956647 ns, Reaching safepoint: 46969 ns, Cleanup: 9248 ns, At safepoint: 5692 ns, Total: 61909 ns
[2025-01-18T03:50:17.875+0000][79][info ][safepoint   ] Safepoint "Cleanup", Time since last: 1000959884 ns, Reaching safepoint: 33672 ns, Cleanup: 43050 ns, At safepoint: 9376 ns, Total: 86098 ns
[2025-01-18T03:50:20.243+0000][79][info ][safepoint   ] Safepoint "Cleanup", Time since last: 2367863768 ns, Reaching safepoint: 15855 ns, Cleanup: 43473 ns, At safepoint: 56901 ns, Total: 116229 ns
[2025-01-18T03:50:21.895+0000][79][info ][safepoint   ] Safepoint "Cleanup", Time since last: 1652547746 ns, Reaching safepoint: 34310 ns, Cleanup: 113701 ns, At safepoint: 6179 ns, Total: 154190 ns
[2025-01-18T03:50:23.897+0000][79][info ][safepoint   ] Safepoint "Cleanup", Time since last: 2001039355 ns, Reaching safepoint: 112199 ns, Cleanup: 26017 ns, At safepoint: 7242 ns, Total: 145458 ns
[2025-01-18T03:50:24.898+0000][79][info ][safepoint   ] Safepoint "Cleanup", Time since last: 1001022820 ns, Reaching safepoint: 35987 ns, Cleanup: 19467 ns, At safepoint: 9961 ns, Total: 65415 ns
[2025-01-18T03:50:25.899+0000][79][info ][safepoint   ] Safepoint "Cleanup", Time since last: 1001334737 ns, Reaching safepoint: 42668 ns, Cleanup: 34493 ns, At safepoint: 11016 ns, Total: 88177 ns
[2025-01-18T03:50:26.902+0000][79][info ][safepoint   ] Safepoint "Cleanup", Time since last: 1002665962 ns, Reaching safepoint: 21003 ns, Cleanup: 94814 ns, At safepoint: 34580 ns, Total: 150397 ns
[2025-01-18T03:50:27.916+0000][79][info ][safepoint   ] Safepoint "Cleanup", Time since last: 1013819791 ns, Reaching safepoint: 26063 ns, Cleanup: 10935 ns, At safepoint: 5522 ns, Total: 42520 ns
[2025-01-18T03:50:29.917+0000][79][info ][safepoint   ] Safepoint "Cleanup", Time since last: 2001293192 ns, Reaching safepoint: 26538 ns, Cleanup: 18643 ns, At safepoint: 5779 ns, Total: 50960 ns
[2025-01-18T03:50:30.918+0000][79][info ][safepoint   ] Safepoint "Cleanup", Time since last: 1001251023 ns, Reaching safepoint: 40778 ns, Cleanup: 23382 ns, At safepoint: 10856 ns, Total: 75016 ns
[2025-01-18T03:50:32.242+0000][79][info ][safepoint   ] Safepoint "Cleanup", Time since last: 1323381872 ns, Reaching safepoint: 9592 ns, Cleanup: 26822 ns, At safepoint: 17467 ns, Total: 53881 ns
[2025-01-18T03:50:33.935+0000][79][info ][safepoint   ] Safepoint "Cleanup", Time since last: 1693119075 ns, Reaching safepoint: 37338 ns, Cleanup: 27946 ns, At safepoint: 6497 ns, Total: 71781 ns
[2025-01-18T03:50:34.937+0000][79][info ][safepoint   ] Safepoint "Cleanup", Time since last: 1002241470 ns, Reaching safepoint: 24255 ns, Cleanup: 49108 ns, At safepoint: 5552 ns, Total: 78915 ns
[2025-01-18T03:50:35.939+0000][79][info ][safepoint   ] Safepoint "Cleanup", Time since last: 1001236478 ns, Reaching safepoint: 33309 ns, Cleanup: 51789 ns, At safepoint: 8844 ns, Total: 93942 ns
[2025-01-18T03:50:36.940+0000][79][info ][safepoint   ] Safepoint "Cleanup", Time since last: 1001375001 ns, Reaching safepoint: 30622 ns, Cleanup: 14560 ns, At safepoint: 5926 ns, Total: 51108 ns
[2025-01-18T03:50:37.941+0000][79][info ][safepoint   ] Safepoint "Cleanup", Time since last: 1000868358 ns, Reaching safepoint: 36612 ns, Cleanup: 11678 ns, At safepoint: 5305 ns, Total: 53595 ns
[2025-01-18T03:50:38.946+0000][79][info ][safepoint   ] Safepoint "Cleanup", Time since last: 1007642335 ns, Reaching safepoint: 20167 ns, Cleanup: 57731 ns, At safepoint: 9326 ns, Total: 87224 ns
[2025-01-18T03:50:39.957+0000][79][info ][safepoint   ] Safepoint "Cleanup", Time since last: 1011085811 ns, Reaching safepoint: 28897 ns, Cleanup: 19749 ns, At safepoint: 6112 ns, Total: 54758 ns
[2025-01-18T03:50:40.958+0000][79][info ][safepoint   ] Safepoint "Cleanup", Time since last: 1000851604 ns, Reaching safepoint: 37110 ns, Cleanup: 23189 ns, At safepoint: 8785 ns, Total: 69084 ns
[2025-01-18T03:50:41.959+0000][79][info ][safepoint   ] Safepoint "Cleanup", Time since last: 1001054794 ns, Reaching safepoint: 31118 ns, Cleanup: 21867 ns, At safepoint: 5899 ns, Total: 58884 ns
[2025-01-18T03:50:42.960+0000][79][info ][safepoint   ] Safepoint "Cleanup", Time since last: 1000720012 ns, Reaching safepoint: 43423 ns, Cleanup: 26358 ns, At safepoint: 9888 ns, Total: 79669 ns
[2025-01-18T03:50:44.236+0000][79][info ][safepoint   ] Safepoint "Cleanup", Time since last: 1275503123 ns, Reaching safepoint: 16702 ns, Cleanup: 22715 ns, At safepoint: 8907 ns, Total: 48324 ns
[2025-01-18T03:50:45.982+0000][79][info ][safepoint   ] Safepoint "Cleanup", Time since last: 1746068443 ns, Reaching safepoint: 30802 ns, Cleanup: 30895 ns, At safepoint: 6085 ns, Total: 67782 ns
[2025-01-18T03:50:46.983+0000][79][info ][safepoint   ] Safepoint "Cleanup", Time since last: 1000860811 ns, Reaching safepoint: 65412 ns, Cleanup: 17491 ns, At safepoint: 14243 ns, Total: 97146 ns
[2025-01-18T03:50:47.984+0000][79][info ][safepoint   ] Safepoint "Cleanup", Time since last: 1001207517 ns, Reaching safepoint: 27855 ns, Cleanup: 14865 ns, At safepoint: 5963 ns, Total: 48683 ns
[2025-01-18T03:50:48.985+0000][79][info ][safepoint   ] Safepoint "Cleanup", Time since last: 1001001126 ns, Reaching safepoint: 39825 ns, Cleanup: 16776 ns, At safepoint: 12333 ns, Total: 68934 ns
[2025-01-18T03:50:49.986+0000][79][info ][safepoint   ] Safepoint "Cleanup", Time since last: 1000960758 ns, Reaching safepoint: 29044 ns, Cleanup: 14232 ns, At safepoint: 5544 ns, Total: 48820 ns
[2025-01-18T03:50:50.995+0000][79][info ][safepoint   ] Safepoint "Cleanup", Time since last: 1008847907 ns, Reaching safepoint: 11999 ns, Cleanup: 35827 ns, At safepoint: 5368 ns, Total: 53194 ns
[2025-01-18T03:50:52.005+0000][79][info ][safepoint   ] Safepoint "Cleanup", Time since last: 1010261418 ns, Reaching safepoint: 32069 ns, Cleanup: 23638 ns, At safepoint: 7353 ns, Total: 63060 ns
[2025-01-18T03:50:54.007+0000][79][info ][safepoint   ] Safepoint "Cleanup", Time since last: 2001333611 ns, Reaching safepoint: 27745 ns, Cleanup: 25970 ns, At safepoint: 5896 ns, Total: 59611 ns
[2025-01-18T03:50:55.008+0000][79][info ][safepoint   ] Safepoint "Cleanup", Time since last: 1000915609 ns, Reaching safepoint: 35751 ns, Cleanup: 14374 ns, At safepoint: 8756 ns, Total: 58881 ns
[2025-01-18T03:50:56.232+0000][79][info ][safepoint   ] Safepoint "Cleanup", Time since last: 1224410592 ns, Reaching safepoint: 9809 ns, Cleanup: 13879 ns, At safepoint: 19108 ns, Total: 42796 ns
[2025-01-18T03:50:58.036+0000][79][info ][safepoint   ] Safepoint "Cleanup", Time since last: 1803716853 ns, Reaching safepoint: 36200 ns, Cleanup: 56054 ns, At safepoint: 6138 ns, Total: 98392 ns
[2025-01-18T03:51:00.038+0000][79][info ][safepoint   ] Safepoint "Cleanup", Time since last: 2001464438 ns, Reaching safepoint: 35821 ns, Cleanup: 33935 ns, At safepoint: 10620 ns, Total: 80376 ns
[2025-01-18T03:51:02.039+0000][79][info ][safepoint   ] Safepoint "Cleanup", Time since last: 2001440468 ns, Reaching safepoint: 26525 ns, Cleanup: 12283 ns, At safepoint: 5713 ns, Total: 44521 ns
[2025-01-18T03:51:03.043+0000][79][info ][safepoint   ] Safepoint "Cleanup", Time since last: 1003797561 ns, Reaching safepoint: 26087 ns, Cleanup: 32308 ns, At safepoint: 40703 ns, Total: 99098 ns
[2025-01-18T03:51:04.313+0000][79][info ][safepoint   ] Safepoint "Cleanup", Time since last: 1269889468 ns, Reaching safepoint: 37454 ns, Cleanup: 17695 ns, At safepoint: 9778 ns, Total: 64927 ns
[2025-01-18T03:51:05.314+0000][79][info ][safepoint   ] Safepoint "Cleanup", Time since last: 1001350291 ns, Reaching safepoint: 46174 ns, Cleanup: 19825 ns, At safepoint: 11847 ns, Total: 77846 ns
[2025-01-18T03:51:06.318+0000][79][info ][safepoint   ] Safepoint "Cleanup", Time since last: 1003479292 ns, Reaching safepoint: 26679 ns, Cleanup: 17731 ns, At safepoint: 5415 ns, Total: 49825 ns
[2025-01-18T03:51:08.228+0000][79][info ][safepoint   ] Safepoint "Cleanup", Time since last: 1910401491 ns, Reaching safepoint: 11428 ns, Cleanup: 19445 ns, At safepoint: 5098 ns, Total: 35971 ns
[2025-01-18T03:51:10.068+0000][79][info ][safepoint   ] Safepoint "Cleanup", Time since last: 1840755244 ns, Reaching safepoint: 26711 ns, Cleanup: 24928 ns, At safepoint: 5379 ns, Total: 57018 ns
[2025-01-18T03:51:11.069+0000][79][info ][safepoint   ] Safepoint "Cleanup", Time since last: 1000789669 ns, Reaching safepoint: 30611 ns, Cleanup: 18404 ns, At safepoint: 5918 ns, Total: 54933 ns
[2025-01-18T03:51:12.070+0000][79][info ][safepoint   ] Safepoint "Cleanup", Time since last: 1001070650 ns, Reaching safepoint: 37684 ns, Cleanup: 36769 ns, At safepoint: 10145 ns, Total: 84598 ns
[2025-01-18T03:51:14.228+0000][79][info ][safepoint   ] Safepoint "Cleanup", Time since last: 2157722047 ns, Reaching safepoint: 9812 ns, Cleanup: 8879 ns, At safepoint: 4787 ns, Total: 23478 ns
[2025-01-18T03:51:16.085+0000][79][info ][safepoint   ] Safepoint "Cleanup", Time since last: 1856753085 ns, Reaching safepoint: 37186 ns, Cleanup: 31072 ns, At safepoint: 9323 ns, Total: 77581 ns
[2025-01-18T03:51:18.086+0000][79][info ][safepoint   ] Safepoint "Cleanup", Time since last: 2001552895 ns, Reaching safepoint: 80710 ns, Cleanup: 49129 ns, At safepoint: 13141 ns, Total: 142980 ns
[2025-01-18T03:51:20.231+0000][79][info ][safepoint   ] Safepoint "Cleanup", Time since last: 2144970846 ns, Reaching safepoint: 10046 ns, Cleanup: 13716 ns, At safepoint: 4410 ns, Total: 28172 ns
[2025-01-18T03:51:22.105+0000][79][info ][safepoint   ] Safepoint "Cleanup", Time since last: 1873461255 ns, Reaching safepoint: 11132 ns, Cleanup: 31784 ns, At safepoint: 5026 ns, Total: 47942 ns
[2025-01-18T03:51:24.113+0000][79][info ][safepoint   ] Safepoint "Cleanup", Time since last: 2007706013 ns, Reaching safepoint: 51504 ns, Cleanup: 24387 ns, At safepoint: 6215 ns, Total: 82106 ns
[2025-01-18T03:51:25.114+0000][79][info ][safepoint   ] Safepoint "Cleanup", Time since last: 1001056436 ns, Reaching safepoint: 25524 ns, Cleanup: 10190 ns, At safepoint: 5221 ns, Total: 40935 ns
[2025-01-18T03:51:26.114+0000][79][info ][safepoint   ] Safepoint "Cleanup", Time since last: 1000740793 ns, Reaching safepoint: 37661 ns, Cleanup: 19770 ns, At safepoint: 9420 ns, Total: 66851 ns
[2025-01-18T03:51:27.118+0000][79][info ][safepoint   ] Safepoint "Cleanup", Time since last: 1003536075 ns, Reaching safepoint: 30766 ns, Cleanup: 73833 ns, At safepoint: 31897 ns, Total: 136496 ns
[2025-01-18T03:51:28.123+0000][79][info ][safepoint   ] Safepoint "Cleanup", Time since last: 1005119621 ns, Reaching safepoint: 29436 ns, Cleanup: 21385 ns, At safepoint: 5659 ns, Total: 56480 ns
[2025-01-18T03:51:30.124+0000][79][info ][safepoint   ] Safepoint "Cleanup", Time since last: 2000938662 ns, Reaching safepoint: 29570 ns, Cleanup: 49737 ns, At safepoint: 6957 ns, Total: 86264 ns
[2025-01-18T03:51:31.125+0000][79][info ][safepoint   ] Safepoint "Cleanup", Time since last: 1000849008 ns, Reaching safepoint: 36244 ns, Cleanup: 26711 ns, At safepoint: 10780 ns, Total: 73735 ns
[2025-01-18T03:51:32.226+0000][79][info ][safepoint   ] Safepoint "Cleanup", Time since last: 1100374537 ns, Reaching safepoint: 9604 ns, Cleanup: 8333 ns, At safepoint: 17573 ns, Total: 35510 ns
[2025-01-18T03:51:34.133+0000][79][info ][safepoint   ] Safepoint "Cleanup", Time since last: 1906918981 ns, Reaching safepoint: 55990 ns, Cleanup: 20352 ns, At safepoint: 6146 ns, Total: 82488 ns
[2025-01-18T03:51:35.133+0000][79][info ][safepoint   ] Safepoint "Cleanup", Time since last: 1000718558 ns, Reaching safepoint: 38082 ns, Cleanup: 40596 ns, At safepoint: 6542 ns, Total: 85220 ns
[2025-01-18T03:51:37.135+0000][79][info ][safepoint   ] Safepoint "Cleanup", Time since last: 2000936302 ns, Reaching safepoint: 273307 ns, Cleanup: 21831 ns, At safepoint: 18681 ns, Total: 313819 ns
[2025-01-18T03:51:38.226+0000][79][info ][safepoint   ] Safepoint "Cleanup", Time since last: 1091337438 ns, Reaching safepoint: 8882 ns, Cleanup: 8838 ns, At safepoint: 13080 ns, Total: 30800 ns
[2025-01-18T03:51:40.146+0000][79][info ][safepoint   ] Safepoint "Cleanup", Time since last: 1922125592 ns, Reaching safepoint: 127085 ns, Cleanup: 87984 ns, At safepoint: 7696 ns, Total: 222765 ns
[2025-01-18T03:51:41.147+0000][79][info ][safepoint   ] Safepoint "Cleanup", Time since last: 1000912171 ns, Reaching safepoint: 36825 ns, Cleanup: 13615 ns, At safepoint: 5637 ns, Total: 56077 ns
[2025-01-18T03:51:42.148+0000][79][info ][safepoint   ] Safepoint "Cleanup", Time since last: 1000731023 ns, Reaching safepoint: 34174 ns, Cleanup: 24727 ns, At safepoint: 7768 ns, Total: 66669 ns
[2025-01-18T03:51:44.248+0000][79][info ][safepoint   ] Safepoint "Cleanup", Time since last: 2100180557 ns, Reaching safepoint: 19928 ns, Cleanup: 18376 ns, At safepoint: 36588 ns, Total: 74892 ns
[2025-01-18T03:51:46.161+0000][79][info ][safepoint   ] Safepoint "Cleanup", Time since last: 1912656218 ns, Reaching safepoint: 32803 ns, Cleanup: 29098 ns, At safepoint: 8071 ns, Total: 69972 ns
[2025-01-18T03:51:47.164+0000][79][info ][safepoint   ] Safepoint "Cleanup", Time since last: 1003193393 ns, Reaching safepoint: 43108 ns, Cleanup: 36325 ns, At safepoint: 12592 ns, Total: 92025 ns
[2025-01-18T03:51:50.224+0000][79][info ][safepoint   ] Safepoint "Cleanup", Time since last: 3059813936 ns, Reaching safepoint: 16569 ns, Cleanup: 9746 ns, At safepoint: 17407 ns, Total: 43722 ns
